Build started 17/7/2566 9:41:14.
     1>Project "D:\s30011 compro-s3\input-output\input-output\input-output.vcxproj" on node 2 (build target(s)).
     1>InitializeBuildStatus:
         Creating "Debug\input-output.unsuccessfulbuild" because "AlwaysCreate" was specified.
       ClCompile:
         C:\Program Files (x86)\Microsoft Visual Studio 10.0\VC\bin\CL.exe /c /ZI /nologo /W3 /WX- /Od /Oy- /D WIN32 /D _DEBUG /D _CONSOLE /D _UNICODE /D UNICODE /Gm /EHsc /RTC1 /MDd /GS /fp:precise /Zc:wchar_t /Zc:forScope /Fo"Debug\\" /Fd"Debug\vc100.pdb" /Gd /TP /analyze- /errorReport:prompt "input-output.cpp"
         input-output.cpp
       ResourceCompile:
         All outputs are up-to-date.
       ManifestResourceCompile:
         All outputs are up-to-date.
       Link:
         C:\Program Files (x86)\Microsoft Visual Studio 10.0\VC\bin\link.exe /ERRORREPORT:PROMPT /OUT:"D:\s30011 compro-s3\input-output\Debug\input-output.exe" /INCREMENTAL /NOLOGO kernel32.lib user32.lib gdi32.lib winspool.lib comdlg32.lib advapi32.lib shell32.lib ole32.lib oleaut32.lib uuid.lib odbc32.lib odbccp32.lib /MANIFEST /ManifestFile:"Debug\input-output.exe.intermediate.manifest" /MANIFESTUAC:"level='asInvoker' uiAccess='false'" /DEBUG /PDB:"D:\s30011 compro-s3\input-output\Debug\input-output.pdb" /SUBSYSTEM:CONSOLE /TLBID:1 /DYNAMICBASE /NXCOMPAT /IMPLIB:"D:\s30011 compro-s3\input-output\Debug\input-output.lib" /MACHINE:X86 "Debug\input-output.res"
         "Debug\input-output.exe.embed.manifest.res"
         "Debug\input-output.obj"
       Manifest:
         C:\Program Files (x86)\Microsoft SDKs\Windows\v7.0A\bin\mt.exe /nologo /verbose /out:"Debug\input-output.exe.embed.manifest" /manifest "Debug\input-output.exe.intermediate.manifest"
         All outputs are up-to-date.
       LinkEmbedManifest:
         All outputs are up-to-date.
         input-output.vcxproj -> D:\s30011 compro-s3\input-output\Debug\input-output.exe
       FinalizeBuildStatus:
         Deleting file "Debug\input-output.unsuccessfulbuild".
         Touching "Debug\input-output.lastbuildstate".
     1>Done Building Project "D:\s30011 compro-s3\input-output\input-output\input-output.vcxproj" (build target(s)).

Build succeeded.

Time Elapsed 00:00:00.58
