Build started 18/7/2023 15:24:25 PM.
     1>Project "C:\Users\natta\Documents\Visual Studio Project\2010\ATM\ATM\ATM.vcxproj" on node 2 (build target(s)).
     1>PrepareForBuild:
         Creating directory "C:\Users\natta\Documents\Visual Studio Project\2010\ATM\Debug\".
       InitializeBuildStatus:
         Creating "Debug\ATM.unsuccessfulbuild" because "AlwaysCreate" was specified.
       ClCompile:
         D:\Program Files\Microsoft Visual Studio\Visual Studio 2010\VC\bin\CL.exe /c /ZI /nologo /W3 /WX- /Od /Oy- /D _MBCS /Gm /EHsc /RTC1 /MDd /GS /fp:precise /Zc:wchar_t /Zc:forScope /Fo"Debug\\" /Fd"Debug\vc100.pdb" /Gd /TP /analyze- /errorReport:prompt atm.cpp
         atm.cpp
       Link:
         D:\Program Files\Microsoft Visual Studio\Visual Studio 2010\VC\bin\link.exe /ERRORREPORT:PROMPT /OUT:"C:\Users\natta\Documents\Visual Studio Project\2010\ATM\Debug\ATM.exe" /NOLOGO kernel32.lib user32.lib gdi32.lib winspool.lib comdlg32.lib advapi32.lib shell32.lib ole32.lib oleaut32.lib uuid.lib odbc32.lib odbccp32.lib /MANIFEST /ManifestFile:"Debug\ATM.exe.intermediate.manifest" /MANIFESTUAC:"level='asInvoker' uiAccess='false'" /DEBUG /PDB:"C:\Users\natta\Documents\Visual Studio Project\2010\ATM\Debug\ATM.pdb" /TLBID:1 /DYNAMICBASE /NXCOMPAT /IMPLIB:"C:\Users\natta\Documents\Visual Studio Project\2010\ATM\Debug\ATM.lib" /MACHINE:X86 Debug\atm.obj
         ATM.vcxproj -> C:\Users\natta\Documents\Visual Studio Project\2010\ATM\Debug\ATM.exe
       Manifest:
         c:\Program Files (x86)\Microsoft SDKs\Windows\v7.0A\bin\mt.exe /nologo /verbose /outputresource:"C:\Users\natta\Documents\Visual Studio Project\2010\ATM\Debug\ATM.exe;#1" /manifest Debug\ATM.exe.intermediate.manifest
       FinalizeBuildStatus:
         Deleting file "Debug\ATM.unsuccessfulbuild".
         Touching "Debug\ATM.lastbuildstate".
     1>Done Building Project "C:\Users\natta\Documents\Visual Studio Project\2010\ATM\ATM\ATM.vcxproj" (build target(s)).

Build succeeded.

Time Elapsed 00:00:00.76
