Build started 13/7/2023 22:16:25 PM.
     1>Project "C:\Users\natta\Documents\Visual Studio\2010\TextC\TextC\TextC.vcxproj" on node 2 (build target(s)).
     1>InitializeBuildStatus:
         Creating "Debug\TextC.unsuccessfulbuild" because "AlwaysCreate" was specified.
       ClCompile:
         D:\Program Files\Microsoft Visual Studio\Visual Studio 2010\VC\bin\CL.exe /c /ZI /nologo /W3 /WX- /Od /Oy- /D WIN32 /D _DEBUG /D _CONSOLE /D _UNICODE /D UNICODE /Gm /EHsc /RTC1 /MDd /GS /fp:precise /Zc:wchar_t /Zc:forScope /Fo"Debug\\" /Fd"Debug\vc100.pdb" /Gd /TP /analyze- /errorReport:prompt TextC.cpp
         TextC.cpp
       ManifestResourceCompile:
         All outputs are up-to-date.
       Link:
         D:\Program Files\Microsoft Visual Studio\Visual Studio 2010\VC\bin\link.exe /ERRORREPORT:PROMPT /OUT:"C:\Users\natta\Documents\Visual Studio\2010\TextC\Debug\TextC.exe" /INCREMENTAL /NOLOGO kernel32.lib user32.lib gdi32.lib winspool.lib comdlg32.lib advapi32.lib shell32.lib ole32.lib oleaut32.lib uuid.lib odbc32.lib odbccp32.lib /MANIFEST /ManifestFile:"Debug\TextC.exe.intermediate.manifest" /MANIFESTUAC:"level='asInvoker' uiAccess='false'" /DEBUG /PDB:"C:\Users\natta\Documents\Visual Studio\2010\TextC\Debug\TextC.pdb" /SUBSYSTEM:CONSOLE /TLBID:1 /DYNAMICBASE /NXCOMPAT /IMPLIB:"C:\Users\natta\Documents\Visual Studio\2010\TextC\Debug\TextC.lib" /MACHINE:X86 Debug\TextC.exe.embed.manifest.res
         Debug\TextC.obj
       Manifest:
         c:\Program Files (x86)\Microsoft SDKs\Windows\v7.0A\bin\mt.exe /nologo /verbose /out:"Debug\TextC.exe.embed.manifest" /manifest Debug\TextC.exe.intermediate.manifest
         All outputs are up-to-date.
       LinkEmbedManifest:
         All outputs are up-to-date.
         TextC.vcxproj -> C:\Users\natta\Documents\Visual Studio\2010\TextC\Debug\TextC.exe
       FinalizeBuildStatus:
         Deleting file "Debug\TextC.unsuccessfulbuild".
         Touching "Debug\TextC.lastbuildstate".
     1>Done Building Project "C:\Users\natta\Documents\Visual Studio\2010\TextC\TextC\TextC.vcxproj" (build target(s)).

Build succeeded.

Time Elapsed 00:00:00.56
