Build started 17/7/2566 11:06:45.
     1>Project "D:\s30011 compro-s3\Temp\Temp\Temp.vcxproj" on node 2 (build target(s)).
     1>InitializeBuildStatus:
         Creating "Debug\Temp.unsuccessfulbuild" because "AlwaysCreate" was specified.
       ClCompile:
         C:\Program Files (x86)\Microsoft Visual Studio 10.0\VC\bin\CL.exe /c /ZI /nologo /W3 /WX- /Od /Oy- /D _MBCS /Gm /EHsc /RTC1 /MDd /GS /fp:precise /Zc:wchar_t /Zc:forScope /Fo"Debug\\" /Fd"Debug\vc100.pdb" /Gd /TP /analyze- /errorReport:prompt temp.cpp
         temp.cpp
     1>d:\s30011 compro-s3\temp\temp\temp.cpp(12): warning C4244: '=' : conversion from 'double' to 'float', possible loss of data
       Link:
         C:\Program Files (x86)\Microsoft Visual Studio 10.0\VC\bin\link.exe /ERRORREPORT:PROMPT /OUT:"D:\s30011 compro-s3\Temp\Debug\Temp.exe" /NOLOGO kernel32.lib user32.lib gdi32.lib winspool.lib comdlg32.lib advapi32.lib shell32.lib ole32.lib oleaut32.lib uuid.lib odbc32.lib odbccp32.lib /MANIFEST /ManifestFile:"Debug\Temp.exe.intermediate.manifest" /MANIFESTUAC:"level='asInvoker' uiAccess='false'" /DEBUG /PDB:"D:\s30011 compro-s3\Temp\Debug\Temp.pdb" /TLBID:1 /DYNAMICBASE /NXCOMPAT /IMPLIB:"D:\s30011 compro-s3\Temp\Debug\Temp.lib" /MACHINE:X86 Debug\temp.obj
         LINK : D:\s30011 compro-s3\Temp\Debug\Temp.exe not found or not built by the last incremental link; performing full link
         Temp.vcxproj -> D:\s30011 compro-s3\Temp\Debug\Temp.exe
       Manifest:
         C:\Program Files (x86)\Microsoft SDKs\Windows\v7.0A\bin\mt.exe /nologo /verbose /outputresource:"D:\s30011 compro-s3\Temp\Debug\Temp.exe;#1" /manifest Debug\Temp.exe.intermediate.manifest
       FinalizeBuildStatus:
         Deleting file "Debug\Temp.unsuccessfulbuild".
         Touching "Debug\Temp.lastbuildstate".
     1>Done Building Project "D:\s30011 compro-s3\Temp\Temp\Temp.vcxproj" (build target(s)).

Build succeeded.

Time Elapsed 00:00:00.55
